<?xml version="1.0" encoding="UTF-8" ?>
<testsuite tests="3" failures="0" name="com.kzheng.mybatis.test.ResultMapTest" time="0.401" errors="0" skipped="0">
  <properties>
[...]
</properties>
  <testcase classname="com.kzheng.mybatis.test.ResultMapTest" name="testGetAllEmpAndDept" time="0.18"/>
  <testcase classname="com.kzheng.mybatis.test.ResultMapTest" name="testGetDeptAndEmp" time="0.099"/>
  <testcase classname="com.kzheng.mybatis.test.ResultMapTest" name="testGetAllEmp" time="0.122"/>
</testsuite>